<?xml version="1.0" encoding="UTF-8"?>
<testng-results skipped="0" failed="0" total="2" passed="2">
  <reporter-output>
  </reporter-output>
  <suite name="Default suite" duration-ms="124" started-at="2021-07-10T11:59:33Z" finished-at="2021-07-10T11:59:33Z">
    <groups>
    </groups>
    <test name="Default test" duration-ms="124" started-at="2021-07-10T11:59:33Z" finished-at="2021-07-10T11:59:33Z">
      <class name="PracticeTestng.TestEmployeeDetails">
        <test-method status="PASS" signature="testCalculateAppriasal()[pri:0, instance:PracticeTestng.TestEmployeeDetails@7ac7a4e4]" name="testCalculateAppriasal" duration-ms="24" started-at="2021-07-10T17:29:33Z" finished-at="2021-07-10T17:29:33Z">
          <reporter-output>
          </reporter-output>
        </test-method> <!-- testCalculateAppriasal -->
        <test-method status="PASS" signature="testCalculateYearlySalary()[pri:0, instance:PracticeTestng.TestEmployeeDetails@7ac7a4e4]" name="testCalculateYearlySalary" duration-ms="2" started-at="2021-07-10T17:29:33Z" finished-at="2021-07-10T17:29:33Z">
          <reporter-output>
          </reporter-output>
        </test-method> <!-- testCalculateYearlySalary -->
      </class> <!-- PracticeTestng.TestEmployeeDetails -->
    </test> <!-- Default test -->
  </suite> <!-- Default suite -->
</testng-results>
