<?xml version="1.0" encoding="UTF-8"?>
<testng-results skipped="0" failed="0" total="1" passed="1">
  <reporter-output>
  </reporter-output>
  <suite name="Default suite" duration-ms="11374" started-at="2021-07-09T02:56:52Z" finished-at="2021-07-09T02:57:03Z">
    <groups>
    </groups>
    <test name="Default test" duration-ms="11374" started-at="2021-07-09T02:56:52Z" finished-at="2021-07-09T02:57:03Z">
      <class name="DataDriven.PomMain">
        <test-method status="PASS" signature="setup()[pri:0, instance:DataDriven.PomMain@1d057a39]" name="setup" is-config="true" duration-ms="8742" started-at="2021-07-09T08:26:52Z" finished-at="2021-07-09T08:27:00Z">
          <reporter-output>
          </reporter-output>
        </test-method> <!-- setup -->
        <test-method status="PASS" signature="test_Home_Page_Appear_Correct()[pri:0, instance:DataDriven.PomMain@1d057a39]" name="test_Home_Page_Appear_Correct" duration-ms="2601" started-at="2021-07-09T08:27:00Z" finished-at="2021-07-09T08:27:03Z">
          <reporter-output>
          </reporter-output>
        </test-method> <!-- test_Home_Page_Appear_Correct -->
      </class> <!-- DataDriven.PomMain -->
    </test> <!-- Default test -->
  </suite> <!-- Default suite -->
</testng-results>
